::1 - - [31/Jul/2023:07:13:08 +0000] "GET /tasks HTTP/1.1" 400 85 "-" "PostmanRuntime/7.32.3"
::1 - - [31/Jul/2023:07:13:48 +0000] "GET /tasks HTTP/1.1" 400 85 "-" "PostmanRuntime/7.32.3"
::1 - - [31/Jul/2023:07:15:21 +0000] "GET /tasks HTTP/1.1" 400 85 "-" "PostmanRuntime/7.32.3"
::1 - - [31/Jul/2023:07:16:00 +0000] "GET /users HTTP/1.1" 400 369 "-" "PostmanRuntime/7.32.3"
::1 - - [31/Jul/2023:07:16:32 +0000] "GET /users HTTP/1.1" 400 369 "-" "PostmanRuntime/7.32.3"
::1 - - [31/Jul/2023:07:16:50 +0000] "GET /users HTTP/1.1" 400 369 "-" "PostmanRuntime/7.32.3"
::1 - - [31/Jul/2023:07:17:13 +0000] "GET /users HTTP/1.1" 200 369 "-" "PostmanRuntime/7.32.3"
::1 - - [31/Jul/2023:07:17:24 +0000] "GET /users HTTP/1.1" 400 369 "-" "PostmanRuntime/7.32.3"
::1 - - [31/Jul/2023:07:17:42 +0000] "GET /users HTTP/1.1" 200 369 "-" "PostmanRuntime/7.32.3"
::1 - - [31/Jul/2023:07:17:51 +0000] "GET /users/32132131 HTTP/1.1" 400 109 "-" "PostmanRuntime/7.32.3"
::1 - - [31/Jul/2023:07:18:05 +0000] "GET /users/32132131 HTTP/1.1" 400 109 "-" "PostmanRuntime/7.32.3"
::1 - - [31/Jul/2023:07:18:09 +0000] "GET /users/32132131 HTTP/1.1" 400 109 "-" "PostmanRuntime/7.32.3"
::1 - - [31/Jul/2023:07:18:19 +0000] "GET /users/32132131 HTTP/1.1" 400 109 "-" "PostmanRuntime/7.32.3"
::1 - - [31/Jul/2023:07:22:58 +0000] "GET /users/32132131 HTTP/1.1" 400 109 "-" "PostmanRuntime/7.32.3"
::1 - - [31/Jul/2023:07:23:25 +0000] "GET /users/32132131 HTTP/1.1" 400 109 "-" "PostmanRuntime/7.32.3"
::1 - - [31/Jul/2023:07:24:33 +0000] "GET /users/32132131/32131 HTTP/1.1" 400 124 "-" "PostmanRuntime/7.32.3"
::1 - - [31/Jul/2023:07:24:42 +0000] "GET /users/32132131/32131 HTTP/1.1" 400 124 "-" "PostmanRuntime/7.32.3"
::1 - - [31/Jul/2023:07:24:58 +0000] "GET /users/32132131/32131 HTTP/1.1" 400 127 "-" "PostmanRuntime/7.32.3"
::1 - - [31/Jul/2023:07:25:13 +0000] "GET /users HTTP/1.1" 400 369 "-" "PostmanRuntime/7.32.3"
::1 - - [31/Jul/2023:07:25:22 +0000] "GET /users HTTP/1.1" 400 369 "-" "PostmanRuntime/7.32.3"
::1 - - [31/Jul/2023:07:26:14 +0000] "GET /users HTTP/1.1" 400 369 "-" "PostmanRuntime/7.32.3"
::1 - - [31/Jul/2023:07:27:16 +0000] "GET /users HTTP/1.1" 400 369 "-" "PostmanRuntime/7.32.3"
::1 - - [31/Jul/2023:07:27:21 +0000] "GET /users HTTP/1.1" 400 369 "-" "PostmanRuntime/7.32.3"
::1 - - [31/Jul/2023:07:28:01 +0000] "GET /users HTTP/1.1" 400 369 "-" "PostmanRuntime/7.32.3"
::1 - - [31/Jul/2023:07:28:07 +0000] "GET /users HTTP/1.1" 400 369 "-" "PostmanRuntime/7.32.3"
::1 - - [31/Jul/2023:07:28:12 +0000] "GET /users HTTP/1.1" 400 369 "-" "PostmanRuntime/7.32.3"
::1 - - [31/Jul/2023:07:28:28 +0000] "GET /users HTTP/1.1" 200 369 "-" "PostmanRuntime/7.32.3"
::1 - - [31/Jul/2023:07:28:49 +0000] "POST /users HTTP/1.1" 201 89 "-" "PostmanRuntime/7.32.3"
::1 - - [31/Jul/2023:07:34:21 +0000] "POST /users HTTP/1.1" 400 89 "-" "PostmanRuntime/7.32.3"
::1 - - [31/Jul/2023:07:35:15 +0000] "POST /users HTTP/1.1" 400 89 "-" "PostmanRuntime/7.32.3"
::1 - - [31/Jul/2023:07:35:39 +0000] "POST /users HTTP/1.1" 400 89 "-" "PostmanRuntime/7.32.3"
::1 - - [31/Jul/2023:07:36:11 +0000] "POST /users HTTP/1.1" 201 89 "-" "PostmanRuntime/7.32.3"
::1 - - [31/Jul/2023:07:36:31 +0000] "POST /users HTTP/1.1" 201 89 "-" "PostmanRuntime/7.32.3"
::1 - - [31/Jul/2023:07:36:42 +0000] "POST /users HTTP/1.1" 201 89 "-" "PostmanRuntime/7.32.3"
::1 - - [31/Jul/2023:07:36:50 +0000] "POST /users HTTP/1.1" 201 89 "-" "PostmanRuntime/7.32.3"
::1 - - [31/Jul/2023:07:37:05 +0000] "POST /users HTTP/1.1" 201 89 "-" "PostmanRuntime/7.32.3"
::1 - - [31/Jul/2023:07:37:10 +0000] "POST /users/321321/32131 HTTP/1.1" 404 158 "-" "PostmanRuntime/7.32.3"
::1 - - [31/Jul/2023:07:37:18 +0000] "POST /users/321321/32131 HTTP/1.1" 404 158 "-" "PostmanRuntime/7.32.3"
::1 - - [31/Jul/2023:07:38:13 +0000] "POST /users HTTP/1.1" 400 89 "-" "PostmanRuntime/7.32.3"
::1 - - [31/Jul/2023:07:38:20 +0000] "POST /users HTTP/1.1" 400 89 "-" "PostmanRuntime/7.32.3"
::1 - - [31/Jul/2023:07:39:13 +0000] "POST /users HTTP/1.1" 201 89 "-" "PostmanRuntime/7.32.3"
::1 - - [31/Jul/2023:07:39:27 +0000] "POST /users HTTP/1.1" 201 89 "-" "PostmanRuntime/7.32.3"
::1 - - [31/Jul/2023:07:42:33 +0000] "POST /users HTTP/1.1" 201 89 "-" "PostmanRuntime/7.32.3"
::1 - - [31/Jul/2023:07:42:35 +0000] "POST /users HTTP/1.1" 201 89 "-" "PostmanRuntime/7.32.3"
::1 - - [31/Jul/2023:07:42:36 +0000] "POST /users HTTP/1.1" 201 89 "-" "PostmanRuntime/7.32.3"
::1 - - [31/Jul/2023:07:42:44 +0000] "POST /users HTTP/1.1" 201 89 "-" "PostmanRuntime/7.32.3"
::1 - - [31/Jul/2023:07:42:45 +0000] "POST /users HTTP/1.1" 201 89 "-" "PostmanRuntime/7.32.3"
::1 - - [31/Jul/2023:07:42:51 +0000] "POST /users HTTP/1.1" 400 89 "-" "PostmanRuntime/7.32.3"
::1 - - [31/Jul/2023:07:43:21 +0000] "POST /users HTTP/1.1" 400 89 "-" "PostmanRuntime/7.32.3"
::1 - - [31/Jul/2023:07:50:41 +0000] "POST /users HTTP/1.1" 400 89 "-" "PostmanRuntime/7.32.3"
::1 - - [31/Jul/2023:07:51:04 +0000] "GET /category HTTP/1.1" 400 85 "-" "PostmanRuntime/7.32.3"
::1 - - [31/Jul/2023:07:51:31 +0000] "GET /category HTTP/1.1" 400 85 "-" "PostmanRuntime/7.32.3"
::1 - - [31/Jul/2023:07:52:08 +0000] "GET /category HTTP/1.1" 400 85 "-" "PostmanRuntime/7.32.3"
::1 - - [31/Jul/2023:07:52:47 +0000] "GET /category HTTP/1.1" 400 85 "-" "PostmanRuntime/7.32.3"
::1 - - [31/Jul/2023:07:53:01 +0000] "GET /category HTTP/1.1" 400 85 "-" "PostmanRuntime/7.32.3"
::1 - - [31/Jul/2023:07:53:03 +0000] "GET /category HTTP/1.1" 400 85 "-" "PostmanRuntime/7.32.3"
::1 - - [31/Jul/2023:07:53:04 +0000] "GET /category HTTP/1.1" 400 85 "-" "PostmanRuntime/7.32.3"
::1 - - [31/Jul/2023:07:53:11 +0000] "GET /category HTTP/1.1" 200 85 "-" "PostmanRuntime/7.32.3"
::1 - - [31/Jul/2023:07:53:13 +0000] "GET /category HTTP/1.1" 200 85 "-" "PostmanRuntime/7.32.3"
::1 - - [31/Jul/2023:07:53:42 +0000] "GET /category HTTP/1.1" 400 109 "-" "PostmanRuntime/7.32.3"
::1 - - [31/Jul/2023:07:53:46 +0000] "GET /category HTTP/1.1" 400 109 "-" "PostmanRuntime/7.32.3"
::1 - - [31/Jul/2023:07:54:22 +0000] "GET /tasks HTTP/1.1" 200 6 "-" "PostmanRuntime/7.32.3"
::1 - - [31/Jul/2023:07:54:24 +0000] "GET /tasks HTTP/1.1" 200 6 "-" "PostmanRuntime/7.32.3"
::1 - - [31/Jul/2023:07:54:31 +0000] "GET /tasks HTTP/1.1" 200 6 "-" "PostmanRuntime/7.32.3"
::1 - - [31/Jul/2023:07:54:40 +0000] "GET /tasks HTTP/1.1" 200 6 "-" "PostmanRuntime/7.32.3"
::1 - - [31/Jul/2023:07:55:03 +0000] "GET /tasks HTTP/1.1" 200 6 "-" "PostmanRuntime/7.32.3"
::1 - - [31/Jul/2023:07:55:20 +0000] "GET /tasks HTTP/1.1" 200 6 "-" "PostmanRuntime/7.32.3"
::1 - - [31/Jul/2023:07:55:44 +0000] "GET /tasks HTTP/1.1" 200 6 "-" "PostmanRuntime/7.32.3"
::1 - - [31/Jul/2023:07:55:50 +0000] "GET /tasks HTTP/1.1" 200 6 "-" "PostmanRuntime/7.32.3"
::1 - - [31/Jul/2023:07:55:51 +0000] "GET /tasks HTTP/1.1" 200 6 "-" "PostmanRuntime/7.32.3"
::1 - - [31/Jul/2023:07:56:09 +0000] "GET /tasks HTTP/1.1" 200 6 "-" "PostmanRuntime/7.32.3"
::1 - - [31/Jul/2023:07:56:11 +0000] "GET /tasks HTTP/1.1" 200 6 "-" "PostmanRuntime/7.32.3"
::1 - - [31/Jul/2023:07:57:32 +0000] "GET /tasks HTTP/1.1" 200 85 "-" "PostmanRuntime/7.32.3"
::1 - - [31/Jul/2023:07:57:38 +0000] "GET /task HTTP/1.1" 400 126 "-" "PostmanRuntime/7.32.3"
::1 - - [31/Jul/2023:07:57:41 +0000] "GET /tasks HTTP/1.1" 200 85 "-" "PostmanRuntime/7.32.3"
::1 - - [31/Jul/2023:08:03:34 +0000] "GET /tasks HTTP/1.1" 200 85 "-" "PostmanRuntime/7.32.3"
::1 - - [31/Jul/2023:08:19:14 +0000] "GET /users HTTP/1.1" 200 1503 "-" "PostmanRuntime/7.32.3"
::1 - - [31/Jul/2023:08:19:38 +0000] "GET /users/d2670eb5-fce2-4e0b-a01d-0e21857618ac HTTP/1.1" 400 126 "-" "PostmanRuntime/7.32.3"
::1 - - [31/Jul/2023:08:19:46 +0000] "GET /users/64c75d6ca979688bc3042006 HTTP/1.1" 400 126 "-" "PostmanRuntime/7.32.3"
::1 - - [31/Jul/2023:08:19:59 +0000] "GET /users/64c75d6ca979688bc3042006 HTTP/1.1" 400 109 "-" "PostmanRuntime/7.32.3"
::1 - - [31/Jul/2023:08:20:27 +0000] "GET /users/64c75d6ca979688bc3042006 HTTP/1.1" 400 109 "-" "PostmanRuntime/7.32.3"
::1 - - [31/Jul/2023:08:20:53 +0000] "GET /users/64c75d6ca979688bc3042006 HTTP/1.1" 400 109 "-" "PostmanRuntime/7.32.3"
::1 - - [31/Jul/2023:08:21:31 +0000] "GET /users/64c75d6ca979688bc3042006 HTTP/1.1" 400 109 "-" "PostmanRuntime/7.32.3"
::1 - - [31/Jul/2023:08:21:43 +0000] "GET /users/64c75d6ca979688bc3042006 HTTP/1.1" 400 109 "-" "PostmanRuntime/7.32.3"
::1 - - [31/Jul/2023:08:21:55 +0000] "GET /users/64c75d6ca979688bc3042006 HTTP/1.1" 200 128 "-" "PostmanRuntime/7.32.3"
::1 - - [31/Jul/2023:08:22:04 +0000] "GET /users/64c75d6ca979688bc3042007 HTTP/1.1" 200 87 "-" "PostmanRuntime/7.32.3"
::1 - - [31/Jul/2023:08:23:08 +0000] "GET /users/64c75d6ca979688bc3042007 HTTP/1.1" 200 87 "-" "PostmanRuntime/7.32.3"
::1 - - [31/Jul/2023:08:23:19 +0000] "GET /users/64c75d6ca979688bc3042007 HTTP/1.1" 400 109 "-" "PostmanRuntime/7.32.3"
::1 - - [31/Jul/2023:08:23:27 +0000] "GET /users/64c75d6ca979688bc3042007 HTTP/1.1" 400 118 "-" "PostmanRuntime/7.32.3"
::1 - - [31/Jul/2023:08:23:51 +0000] "GET /users/64c75d6ca979688bc3042007 HTTP/1.1" 400 118 "-" "PostmanRuntime/7.32.3"
::1 - - [31/Jul/2023:08:23:54 +0000] "GET /users/64c75d6ca979688bc3042006 HTTP/1.1" 200 128 "-" "PostmanRuntime/7.32.3"
::1 - - [31/Jul/2023:08:24:48 +0000] "PATCH /users/64c75d6ca979688bc3042006 HTTP/1.1" 200 96 "-" "PostmanRuntime/7.32.3"
::1 - - [31/Jul/2023:08:25:49 +0000] "PATCH /users/64c75d6ca979688bc3042005 HTTP/1.1" 400 118 "-" "PostmanRuntime/7.32.3"
::1 - - [31/Jul/2023:08:25:57 +0000] "PATCH /users/64c75d6ca979688bc3042006 HTTP/1.1" 200 96 "-" "PostmanRuntime/7.32.3"
::1 - - [31/Jul/2023:08:26:02 +0000] "GET /users HTTP/1.1" 200 1510 "-" "PostmanRuntime/7.32.3"
::1 - - [31/Jul/2023:08:26:27 +0000] "DELETE /users/d2670eb5-fce2-4e0b-a01d-0e21857618ac HTTP/1.1" 400 109 "-" "PostmanRuntime/7.32.3"
::1 - - [31/Jul/2023:08:26:40 +0000] "DELETE /users/%2064c75d6ca979688bc3042006 HTTP/1.1" 400 109 "-" "PostmanRuntime/7.32.3"
::1 - - [31/Jul/2023:08:26:43 +0000] "DELETE /users/%2064c75d6ca979688bc3042006 HTTP/1.1" 400 109 "-" "PostmanRuntime/7.32.3"
::1 - - [31/Jul/2023:08:26:47 +0000] "DELETE /users/64c75d6ca979688bc3042006 HTTP/1.1" 200 88 "-" "PostmanRuntime/7.32.3"
::1 - - [31/Jul/2023:08:26:49 +0000] "DELETE /users/64c75d6ca979688bc3042006 HTTP/1.1" 400 118 "-" "PostmanRuntime/7.32.3"
::1 - - [31/Jul/2023:08:27:32 +0000] "DELETE /users/64c75d6ca979688bc3042006 HTTP/1.1" 400 118 "-" "PostmanRuntime/7.32.3"
::1 - - [31/Jul/2023:08:28:02 +0000] "PATCH /tasks/64c75d6ca979688bc3042006 HTTP/1.1" 400 118 "-" "PostmanRuntime/7.32.3"
::1 - - [31/Jul/2023:08:28:11 +0000] "DELETE /tasks/64c75d6ca979688bc3042006 HTTP/1.1" 400 118 "-" "PostmanRuntime/7.32.3"
::1 - - [31/Jul/2023:08:38:30 +0000] "POST /users HTTP/1.1" 201 89 "-" "PostmanRuntime/7.32.3"
::1 - - [31/Jul/2023:08:38:33 +0000] "POST /users HTTP/1.1" 201 89 "-" "PostmanRuntime/7.32.3"
::1 - - [31/Jul/2023:08:38:36 +0000] "POST /users HTTP/1.1" 201 89 "-" "PostmanRuntime/7.32.3"
::1 - - [31/Jul/2023:08:38:39 +0000] "POST /users HTTP/1.1" 201 89 "-" "PostmanRuntime/7.32.3"
::1 - - [31/Jul/2023:08:38:41 +0000] "POST /users HTTP/1.1" 201 89 "-" "PostmanRuntime/7.32.3"
::1 - - [31/Jul/2023:08:38:43 +0000] "POST /users HTTP/1.1" 201 89 "-" "PostmanRuntime/7.32.3"
::1 - - [31/Jul/2023:08:38:46 +0000] "POST /users HTTP/1.1" 201 89 "-" "PostmanRuntime/7.32.3"
::1 - - [31/Jul/2023:08:38:49 +0000] "POST /users HTTP/1.1" 201 89 "-" "PostmanRuntime/7.32.3"
::1 - - [31/Jul/2023:08:38:52 +0000] "POST /users HTTP/1.1" 201 89 "-" "PostmanRuntime/7.32.3"
::1 - - [31/Jul/2023:08:38:56 +0000] "POST /users HTTP/1.1" 201 89 "-" "PostmanRuntime/7.32.3"
::1 - - [31/Jul/2023:08:39:48 +0000] "GET /users HTTP/1.1" 200 545 "-" "PostmanRuntime/7.32.3"
::1 - - [31/Jul/2023:08:40:20 +0000] "POST /tasks HTTP/1.1" 400 614 "-" "PostmanRuntime/7.32.3"
::1 - - [31/Jul/2023:08:42:10 +0000] "POST /tasks HTTP/1.1" 400 614 "-" "PostmanRuntime/7.32.3"
::1 - - [31/Jul/2023:08:44:53 +0000] "POST /tasks HTTP/1.1" 400 614 "-" "PostmanRuntime/7.32.3"
::1 - - [31/Jul/2023:08:45:16 +0000] "GET /users HTTP/1.1" 200 545 "-" "PostmanRuntime/7.32.3"
::1 - - [31/Jul/2023:08:46:01 +0000] "GET /users HTTP/1.1" 200 545 "-" "PostmanRuntime/7.32.3"
::1 - - [31/Jul/2023:08:46:10 +0000] "POST /tasks HTTP/1.1" 400 614 "-" "PostmanRuntime/7.32.3"
::1 - - [31/Jul/2023:08:47:09 +0000] "POST /tasks HTTP/1.1" 400 614 "-" "PostmanRuntime/7.32.3"
::1 - - [31/Jul/2023:08:47:26 +0000] "POST /tasks HTTP/1.1" 400 614 "-" "PostmanRuntime/7.32.3"
::1 - - [31/Jul/2023:08:50:24 +0000] "POST /tasks HTTP/1.1" 400 614 "-" "PostmanRuntime/7.32.3"
::1 - - [31/Jul/2023:08:53:20 +0000] "POST /tasks HTTP/1.1" 400 442 "-" "PostmanRuntime/7.32.3"
::1 - - [31/Jul/2023:08:53:39 +0000] "POST /category HTTP/1.1" 201 89 "-" "PostmanRuntime/7.32.3"
::1 - - [31/Jul/2023:08:53:42 +0000] "POST /category HTTP/1.1" 201 89 "-" "PostmanRuntime/7.32.3"
::1 - - [31/Jul/2023:08:55:59 +0000] "GET /category HTTP/1.1" 200 178 "-" "PostmanRuntime/7.32.3"
::1 - - [31/Jul/2023:08:56:03 +0000] "POST /category HTTP/1.1" 201 89 "-" "PostmanRuntime/7.32.3"
::1 - - [31/Jul/2023:08:56:06 +0000] "POST /category HTTP/1.1" 201 89 "-" "PostmanRuntime/7.32.3"
::1 - - [31/Jul/2023:08:56:08 +0000] "POST /category HTTP/1.1" 201 89 "-" "PostmanRuntime/7.32.3"
::1 - - [31/Jul/2023:08:56:10 +0000] "POST /category HTTP/1.1" 201 89 "-" "PostmanRuntime/7.32.3"
::1 - - [31/Jul/2023:08:56:13 +0000] "POST /category HTTP/1.1" 201 89 "-" "PostmanRuntime/7.32.3"
::1 - - [31/Jul/2023:08:56:16 +0000] "POST /category HTTP/1.1" 201 89 "-" "PostmanRuntime/7.32.3"
::1 - - [31/Jul/2023:08:56:18 +0000] "POST /category HTTP/1.1" 201 89 "-" "PostmanRuntime/7.32.3"
::1 - - [31/Jul/2023:08:56:22 +0000] "POST /category HTTP/1.1" 201 89 "-" "PostmanRuntime/7.32.3"
::1 - - [31/Jul/2023:08:56:28 +0000] "GET /category HTTP/1.1" 200 555 "-" "PostmanRuntime/7.32.3"
::1 - - [31/Jul/2023:08:56:43 +0000] "PATCH /category/64c777360a3681e4fdb37da1 HTTP/1.1" 400 109 "-" "PostmanRuntime/7.32.3"
::1 - - [31/Jul/2023:08:57:07 +0000] "PATCH /category/64c776930a3681e4fdb37d97 HTTP/1.1" 400 109 "-" "PostmanRuntime/7.32.3"
::1 - - [31/Jul/2023:09:02:34 +0000] "PATCH /category/64c776930a3681e4fdb37d97 HTTP/1.1" 400 109 "-" "PostmanRuntime/7.32.3"
::1 - - [31/Jul/2023:09:03:22 +0000] "PATCH /category/64c776930a3681e4fdb37d97 HTTP/1.1" 400 109 "-" "PostmanRuntime/7.32.3"
::1 - - [31/Jul/2023:09:03:29 +0000] "PATCH /category/64c776930a3681e4fdb37d97 HTTP/1.1" 400 109 "-" "PostmanRuntime/7.32.3"
::1 - - [31/Jul/2023:09:03:58 +0000] "PATCH /category/64c776930a3681e4fdb37d95 HTTP/1.1" 200 96 "-" "PostmanRuntime/7.32.3"
::1 - - [31/Jul/2023:09:04:01 +0000] "PATCH /category/64c776930a3681e4fdb37d91 HTTP/1.1" 200 96 "-" "PostmanRuntime/7.32.3"
::1 - - [31/Jul/2023:09:04:27 +0000] "PATCH /category/64c776930a3681e4fdb37d91 HTTP/1.1" 200 96 "-" "PostmanRuntime/7.32.3"
::1 - - [31/Jul/2023:09:04:29 +0000] "PATCH /category/64c776930a3681e4fdb37d91 HTTP/1.1" 200 96 "-" "PostmanRuntime/7.32.3"
::1 - - [31/Jul/2023:09:04:32 +0000] "PATCH /category/64c776930a3681e4fdb37d91 HTTP/1.1" 200 96 "-" "PostmanRuntime/7.32.3"
::1 - - [31/Jul/2023:09:04:42 +0000] "PATCH /category/64c776930a3681e4fdb37d91 HTTP/1.1" 200 96 "-" "PostmanRuntime/7.32.3"
::1 - - [31/Jul/2023:09:04:43 +0000] "PATCH /category/64c776930a3681e4fdb37d91 HTTP/1.1" 200 96 "-" "PostmanRuntime/7.32.3"
::1 - - [31/Jul/2023:09:04:56 +0000] "PATCH /category/64c776930a3681e4fdb37d91 HTTP/1.1" 400 118 "-" "PostmanRuntime/7.32.3"
::1 - - [31/Jul/2023:09:05:07 +0000] "PATCH /category/64c776930a3681e4fdb37d95 HTTP/1.1" 400 118 "-" "PostmanRuntime/7.32.3"
::1 - - [31/Jul/2023:09:05:13 +0000] "PATCH /category/64c776930a3681e4fdb37d97 HTTP/1.1" 200 96 "-" "PostmanRuntime/7.32.3"
::1 - - [31/Jul/2023:09:05:18 +0000] "DELETE /category/64c776930a3681e4fdb37d95 HTTP/1.1" 400 118 "-" "PostmanRuntime/7.32.3"
::1 - - [31/Jul/2023:09:05:22 +0000] "DELETE /category/64c776930a3681e4fdb37d97 HTTP/1.1" 200 88 "-" "PostmanRuntime/7.32.3"
::1 - - [31/Jul/2023:09:05:55 +0000] "POST /tasks HTTP/1.1" 400 440 "-" "PostmanRuntime/7.32.3"
::1 - - [31/Jul/2023:09:06:09 +0000] "POST /tasks HTTP/1.1" 400 440 "-" "PostmanRuntime/7.32.3"
::1 - - [31/Jul/2023:09:06:36 +0000] "POST /tasks HTTP/1.1" 400 440 "-" "PostmanRuntime/7.32.3"
::1 - - [31/Jul/2023:09:06:59 +0000] "POST /tasks HTTP/1.1" 400 440 "-" "PostmanRuntime/7.32.3"
::1 - - [31/Jul/2023:09:07:33 +0000] "POST /tasks HTTP/1.1" 400 440 "-" "PostmanRuntime/7.32.3"
::1 - - [31/Jul/2023:09:07:52 +0000] "POST /tasks HTTP/1.1" 400 440 "-" "PostmanRuntime/7.32.3"
::1 - - [31/Jul/2023:09:08:16 +0000] "POST /tasks HTTP/1.1" 400 440 "-" "PostmanRuntime/7.32.3"
::1 - - [31/Jul/2023:09:09:48 +0000] "POST /tasks HTTP/1.1" 400 440 "-" "PostmanRuntime/7.32.3"
::1 - - [31/Jul/2023:09:10:24 +0000] "POST /tasks HTTP/1.1" 400 440 "-" "PostmanRuntime/7.32.3"
::1 - - [31/Jul/2023:09:10:43 +0000] "POST /tasks HTTP/1.1" 400 440 "-" "PostmanRuntime/7.32.3"
::1 - - [31/Jul/2023:09:10:57 +0000] "POST /tasks HTTP/1.1" 400 440 "-" "PostmanRuntime/7.32.3"
::1 - - [31/Jul/2023:09:11:22 +0000] "GET /category HTTP/1.1" 200 508 "-" "PostmanRuntime/7.32.3"
::1 - - [31/Jul/2023:09:11:36 +0000] "POST /tasks HTTP/1.1" 201 89 "-" "PostmanRuntime/7.32.3"
::1 - - [31/Jul/2023:09:11:40 +0000] "POST /tasks HTTP/1.1" 201 89 "-" "PostmanRuntime/7.32.3"
::1 - - [31/Jul/2023:09:11:43 +0000] "POST /tasks HTTP/1.1" 201 89 "-" "PostmanRuntime/7.32.3"
::1 - - [31/Jul/2023:09:11:49 +0000] "POST /tasks HTTP/1.1" 201 89 "-" "PostmanRuntime/7.32.3"
::1 - - [31/Jul/2023:09:11:57 +0000] "GET /tasks HTTP/1.1" 200 830 "-" "PostmanRuntime/7.32.3"
::1 - - [31/Jul/2023:09:12:04 +0000] "DELETE /tasks/64c77ad51397f3e12f1aac64 HTTP/1.1" 200 88 "-" "PostmanRuntime/7.32.3"
::1 - - [31/Jul/2023:09:12:07 +0000] "DELETE /tasks/64c77ad51397f3e12f1aac64 HTTP/1.1" 400 118 "-" "PostmanRuntime/7.32.3"
::1 - - [31/Jul/2023:09:12:14 +0000] "POST /tasks HTTP/1.1" 201 89 "-" "PostmanRuntime/7.32.3"
::1 - - [31/Jul/2023:09:12:42 +0000] "POST /tasks HTTP/1.1" 201 89 "-" "PostmanRuntime/7.32.3"
::1 - - [31/Jul/2023:09:12:47 +0000] "GET /tasks HTTP/1.1" 200 1044 "-" "PostmanRuntime/7.32.3"
::1 - - [31/Jul/2023:09:12:57 +0000] "POST /tasks HTTP/1.1" 201 89 "-" "PostmanRuntime/7.32.3"
::1 - - [31/Jul/2023:09:13:03 +0000] "POST /tasks HTTP/1.1" 201 89 "-" "PostmanRuntime/7.32.3"
::1 - - [31/Jul/2023:09:13:08 +0000] "POST /tasks HTTP/1.1" 201 89 "-" "PostmanRuntime/7.32.3"
::1 - - [31/Jul/2023:09:13:15 +0000] "POST /tasks HTTP/1.1" 201 89 "-" "PostmanRuntime/7.32.3"
::1 - - [31/Jul/2023:09:13:27 +0000] "POST /tasks HTTP/1.1" 201 89 "-" "PostmanRuntime/7.32.3"
::1 - - [31/Jul/2023:09:13:35 +0000] "POST /tasks HTTP/1.1" 201 89 "-" "PostmanRuntime/7.32.3"
::1 - - [31/Jul/2023:09:13:39 +0000] "GET /tasks HTTP/1.1" 200 2328 "-" "PostmanRuntime/7.32.3"
::1 - - [31/Jul/2023:09:13:51 +0000] "DELETE /tasks/64c77b1f1397f3e12f1aac68 HTTP/1.1" 200 88 "-" "PostmanRuntime/7.32.3"
::1 - - [31/Jul/2023:09:13:56 +0000] "GET /tasks HTTP/1.1" 200 2114 "-" "PostmanRuntime/7.32.3"
::1 - - [31/Jul/2023:09:14:06 +0000] "DELETE /tasks/64c77b2b1397f3e12f1aac6a HTTP/1.1" 200 88 "-" "PostmanRuntime/7.32.3"
::1 - - [31/Jul/2023:09:18:39 +0000] "GET /tasks HTTP/1.1" 200 1900 "-" "PostmanRuntime/7.32.3"
::1 - - [31/Jul/2023:09:18:52 +0000] "POST /tasks HTTP/1.1" 201 89 "-" "PostmanRuntime/7.32.3"
::1 - - [02/Aug/2023:04:19:31 +0000] "POST /register HTTP/1.1" 400 126 "-" "PostmanRuntime/7.32.3"
::1 - - [02/Aug/2023:04:19:44 +0000] "POST /users/register HTTP/1.1" 201 89 "-" "PostmanRuntime/7.32.3"
::1 - - [02/Aug/2023:04:20:07 +0000] "POST /users/register HTTP/1.1" 201 89 "-" "PostmanRuntime/7.32.3"
::1 - - [02/Aug/2023:04:20:14 +0000] "POST /users/register HTTP/1.1" 201 89 "-" "PostmanRuntime/7.32.3"
::1 - - [02/Aug/2023:04:20:36 +0000] "POST /users/register HTTP/1.1" 201 89 "-" "PostmanRuntime/7.32.3"
::1 - - [02/Aug/2023:04:20:46 +0000] "POST /users/register HTTP/1.1" 201 89 "-" "PostmanRuntime/7.32.3"
::1 - - [02/Aug/2023:04:24:37 +0000] "POST /users/register HTTP/1.1" 400 392 "-" "PostmanRuntime/7.32.3"
::1 - - [02/Aug/2023:04:25:12 +0000] "POST /users/register HTTP/1.1" 400 283 "-" "PostmanRuntime/7.32.3"
::1 - - [02/Aug/2023:04:25:35 +0000] "POST /users/register HTTP/1.1" 400 283 "-" "PostmanRuntime/7.32.3"
::1 - - [02/Aug/2023:04:29:40 +0000] "POST /users/register HTTP/1.1" 400 283 "-" "PostmanRuntime/7.32.3"
::1 - - [02/Aug/2023:04:33:02 +0000] "POST /users/register HTTP/1.1" 400 482 "-" "PostmanRuntime/7.32.3"
::1 - - [02/Aug/2023:04:33:10 +0000] "POST /users/register HTTP/1.1" 400 482 "-" "PostmanRuntime/7.32.3"
::1 - - [02/Aug/2023:04:33:49 +0000] "POST /users/register HTTP/1.1" 400 482 "-" "PostmanRuntime/7.32.3"
::1 - - [02/Aug/2023:04:34:13 +0000] "POST /users/register HTTP/1.1" 400 482 "-" "PostmanRuntime/7.32.3"
::1 - - [02/Aug/2023:04:34:25 +0000] "POST /users/register HTTP/1.1" 400 283 "-" "PostmanRuntime/7.32.3"
::1 - - [02/Aug/2023:04:34:53 +0000] "POST /users/register HTTP/1.1" 400 507 "-" "PostmanRuntime/7.32.3"
::1 - - [02/Aug/2023:04:35:04 +0000] "POST /users/register HTTP/1.1" 400 507 "-" "PostmanRuntime/7.32.3"
::1 - - [02/Aug/2023:04:35:23 +0000] "POST /users/register HTTP/1.1" 400 688 "-" "PostmanRuntime/7.32.3"
::1 - - [02/Aug/2023:04:35:37 +0000] "POST /users/register HTTP/1.1" 400 465 "-" "PostmanRuntime/7.32.3"
::1 - - [02/Aug/2023:04:36:42 +0000] "POST /users/register HTTP/1.1" 400 465 "-" "PostmanRuntime/7.32.3"
::1 - - [02/Aug/2023:04:39:07 +0000] "POST /users/register HTTP/1.1" 400 465 "-" "PostmanRuntime/7.32.3"
::1 - - [02/Aug/2023:04:39:35 +0000] "POST /users/register HTTP/1.1" 400 675 "-" "PostmanRuntime/7.32.3"
::1 - - [02/Aug/2023:04:42:20 +0000] "POST /users/register HTTP/1.1" 400 678 "-" "PostmanRuntime/7.32.3"
::1 - - [02/Aug/2023:04:42:34 +0000] "POST /users/register HTTP/1.1" 400 465 "-" "PostmanRuntime/7.32.3"
::1 - - [02/Aug/2023:04:42:42 +0000] "POST /users/register HTTP/1.1" 400 465 "-" "PostmanRuntime/7.32.3"
::1 - - [02/Aug/2023:04:43:10 +0000] "POST /users/register HTTP/1.1" 400 465 "-" "PostmanRuntime/7.32.3"
::1 - - [02/Aug/2023:04:44:06 +0000] "POST /users/register HTTP/1.1" 400 660 "-" "PostmanRuntime/7.32.3"
::1 - - [02/Aug/2023:04:44:15 +0000] "POST /users/register HTTP/1.1" 400 694 "-" "PostmanRuntime/7.32.3"
::1 - - [02/Aug/2023:04:44:22 +0000] "POST /users/register HTTP/1.1" 400 465 "-" "PostmanRuntime/7.32.3"
::1 - - [02/Aug/2023:04:44:32 +0000] "POST /users/register HTTP/1.1" 400 465 "-" "PostmanRuntime/7.32.3"
::1 - - [02/Aug/2023:04:45:54 +0000] "POST /users/register HTTP/1.1" 400 465 "-" "PostmanRuntime/7.32.3"
::1 - - [02/Aug/2023:04:47:08 +0000] "POST /users/register HTTP/1.1" 400 465 "-" "PostmanRuntime/7.32.3"
::1 - - [02/Aug/2023:04:47:46 +0000] "POST /users/register HTTP/1.1" 400 465 "-" "PostmanRuntime/7.32.3"
::1 - - [02/Aug/2023:04:51:56 +0000] "POST /users/register HTTP/1.1" 400 465 "-" "PostmanRuntime/7.32.3"
::1 - - [02/Aug/2023:04:52:19 +0000] "POST /users/register HTTP/1.1" 400 683 "-" "PostmanRuntime/7.32.3"
::1 - - [02/Aug/2023:04:52:28 +0000] "POST /users/register HTTP/1.1" 400 465 "-" "PostmanRuntime/7.32.3"
::1 - - [02/Aug/2023:04:52:55 +0000] "POST /users/register HTTP/1.1" 400 465 "-" "PostmanRuntime/7.32.3"
::1 - - [02/Aug/2023:04:57:29 +0000] "POST /users/register HTTP/1.1" 400 621 "-" "PostmanRuntime/7.32.3"
::1 - - [02/Aug/2023:04:57:36 +0000] "POST /users/register HTTP/1.1" 400 440 "-" "PostmanRuntime/7.32.3"
::1 - - [02/Aug/2023:04:57:52 +0000] "POST /users/register HTTP/1.1" 400 463 "-" "PostmanRuntime/7.32.3"
::1 - - [02/Aug/2023:04:58:01 +0000] "POST /users/register HTTP/1.1" 400 296 "-" "PostmanRuntime/7.32.3"
::1 - - [02/Aug/2023:07:07:09 +0000] "POST /users/register HTTP/1.1" 400 462 "-" "PostmanRuntime/7.32.3"
::1 - - [02/Aug/2023:07:07:13 +0000] "POST /users/register HTTP/1.1" 400 464 "-" "PostmanRuntime/7.32.3"
::1 - - [02/Aug/2023:07:35:09 +0000] "POST /users/register HTTP/1.1" 400 677 "-" "PostmanRuntime/7.32.3"
::1 - - [02/Aug/2023:07:35:26 +0000] "POST /users/register HTTP/1.1" 400 464 "-" "PostmanRuntime/7.32.3"
::1 - - [02/Aug/2023:07:35:29 +0000] "POST /users/register HTTP/1.1" 400 466 "-" "PostmanRuntime/7.32.3"
::1 - - [02/Aug/2023:07:40:48 +0000] "POST /users/register HTTP/1.1" 400 466 "-" "PostmanRuntime/7.32.3"
::1 - - [02/Aug/2023:07:40:50 +0000] "POST /users/register HTTP/1.1" 400 466 "-" "PostmanRuntime/7.32.3"
::1 - - [02/Aug/2023:07:40:54 +0000] "POST /users/register HTTP/1.1" 400 284 "-" "PostmanRuntime/7.32.3"
::1 - - [02/Aug/2023:07:43:16 +0000] "POST /users/register HTTP/1.1" 400 462 "-" "PostmanRuntime/7.32.3"
::1 - - [02/Aug/2023:07:43:34 +0000] "POST /users/register HTTP/1.1" 400 602 "-" "PostmanRuntime/7.32.3"
::1 - - [02/Aug/2023:07:43:35 +0000] "POST /users/register HTTP/1.1" 400 602 "-" "PostmanRuntime/7.32.3"
::1 - - [02/Aug/2023:07:43:42 +0000] "POST /users/register HTTP/1.1" 400 602 "-" "PostmanRuntime/7.32.3"
::1 - - [02/Aug/2023:07:45:31 +0000] "POST /users/register HTTP/1.1" 400 670 "-" "PostmanRuntime/7.32.3"
::1 - - [02/Aug/2023:07:45:52 +0000] "POST /users/register HTTP/1.1" 400 495 "-" "PostmanRuntime/7.32.3"
::1 - - [02/Aug/2023:07:45:58 +0000] "POST /users/register HTTP/1.1" 400 285 "-" "PostmanRuntime/7.32.3"
::1 - - [02/Aug/2023:08:03:27 +0000] "POST /users/register HTTP/1.1" 400 365 "-" "PostmanRuntime/7.32.3"
::1 - - [02/Aug/2023:08:04:38 +0000] "POST /users/register HTTP/1.1" 201 89 "-" "PostmanRuntime/7.32.3"
::1 - - [02/Aug/2023:08:04:50 +0000] "POST /users/register HTTP/1.1" 201 89 "-" "PostmanRuntime/7.32.3"
::1 - - [02/Aug/2023:08:06:57 +0000] "POST /users/register HTTP/1.1" 201 89 "-" "PostmanRuntime/7.32.3"
::1 - - [02/Aug/2023:08:07:09 +0000] "POST /users/register HTTP/1.1" 400 133 "-" "PostmanRuntime/7.32.3"
::1 - - [02/Aug/2023:08:12:19 +0000] "POST /users/register HTTP/1.1" 400 109 "-" "PostmanRuntime/7.32.3"
::1 - - [02/Aug/2023:08:12:22 +0000] "POST /users/register HTTP/1.1" 400 109 "-" "PostmanRuntime/7.32.3"
::1 - - [02/Aug/2023:08:12:24 +0000] "POST /users/register HTTP/1.1" 400 109 "-" "PostmanRuntime/7.32.3"
::1 - - [02/Aug/2023:08:12:49 +0000] "POST /users/register HTTP/1.1" 400 109 "-" "PostmanRuntime/7.32.3"
::1 - - [02/Aug/2023:08:13:08 +0000] "POST /users/register HTTP/1.1" 400 109 "-" "PostmanRuntime/7.32.3"
::1 - - [02/Aug/2023:08:13:45 +0000] "POST /users/register HTTP/1.1" 400 133 "-" "PostmanRuntime/7.32.3"
::1 - - [02/Aug/2023:08:15:37 +0000] "POST /users/register HTTP/1.1" 400 138 "-" "PostmanRuntime/7.32.3"
::1 - - [02/Aug/2023:08:23:43 +0000] "POST /users/register HTTP/1.1" 400 109 "-" "PostmanRuntime/7.32.3"
::1 - - [02/Aug/2023:08:24:23 +0000] "POST /users/register HTTP/1.1" 201 89 "-" "PostmanRuntime/7.32.3"
::1 - - [02/Aug/2023:08:24:25 +0000] "POST /users/register HTTP/1.1" 400 133 "-" "PostmanRuntime/7.32.3"
::1 - - [02/Aug/2023:08:30:32 +0000] "POST /users/register HTTP/1.1" 201 89 "-" "PostmanRuntime/7.32.3"
::1 - - [02/Aug/2023:08:33:03 +0000] "POST /users/login HTTP/1.1" 400 407 "-" "PostmanRuntime/7.32.3"
::1 - - [02/Aug/2023:08:33:33 +0000] "POST /users/login HTTP/1.1" 400 407 "-" "PostmanRuntime/7.32.3"
::1 - - [02/Aug/2023:08:34:17 +0000] "POST /users/login HTTP/1.1" 400 407 "-" "PostmanRuntime/7.32.3"
::1 - - [02/Aug/2023:08:35:42 +0000] "POST /users/login HTTP/1.1" 400 407 "-" "PostmanRuntime/7.32.3"
::1 - - [02/Aug/2023:08:35:47 +0000] "POST /users/login HTTP/1.1" 400 407 "-" "PostmanRuntime/7.32.3"
::1 - - [02/Aug/2023:08:35:56 +0000] "POST /users/login HTTP/1.1" 400 407 "-" "PostmanRuntime/7.32.3"
::1 - - [02/Aug/2023:08:44:39 +0000] "POST /users/login HTTP/1.1" 201 89 "-" "PostmanRuntime/7.32.3"
::1 - - [02/Aug/2023:08:44:59 +0000] "POST /users/login HTTP/1.1" 400 565 "-" "PostmanRuntime/7.32.3"
::1 - - [02/Aug/2023:08:45:07 +0000] "POST /users/login HTTP/1.1" 201 89 "-" "PostmanRuntime/7.32.3"
::1 - - [02/Aug/2023:08:45:33 +0000] "POST /users/login HTTP/1.1" 201 89 "-" "PostmanRuntime/7.32.3"
::1 - - [02/Aug/2023:08:45:40 +0000] "POST /users/login HTTP/1.1" 201 89 "-" "PostmanRuntime/7.32.3"
::1 - - [02/Aug/2023:08:46:13 +0000] "POST /users/login HTTP/1.1" 201 89 "-" "PostmanRuntime/7.32.3"
::1 - - [02/Aug/2023:09:11:25 +0000] "POST /users/login HTTP/1.1" 400 109 "-" "PostmanRuntime/7.32.3"
::1 - - [02/Aug/2023:09:11:44 +0000] "POST /users/login HTTP/1.1" 400 109 "-" "PostmanRuntime/7.32.3"
::1 - - [02/Aug/2023:09:12:09 +0000] "POST /users/login HTTP/1.1" 400 109 "-" "PostmanRuntime/7.32.3"
::1 - - [02/Aug/2023:09:12:37 +0000] "POST /users/login HTTP/1.1" 400 109 "-" "PostmanRuntime/7.32.3"
::1 - - [02/Aug/2023:09:13:00 +0000] "POST /users/login HTTP/1.1" 400 109 "-" "PostmanRuntime/7.32.3"
::1 - - [02/Aug/2023:09:13:33 +0000] "POST /users/login HTTP/1.1" 201 99 "-" "PostmanRuntime/7.32.3"
::1 - - [02/Aug/2023:09:14:07 +0000] "POST /users/login HTTP/1.1" 201 479 "-" "PostmanRuntime/7.32.3"
::1 - - [02/Aug/2023:09:15:29 +0000] "POST /users/login HTTP/1.1" 200 457 "-" "PostmanRuntime/7.32.3"
::1 - - [02/Aug/2023:09:19:55 +0000] "GET /users/64c75d6ca979688bc3042006 HTTP/1.1" 400 118 "-" "PostmanRuntime/7.32.3"
::1 - - [02/Aug/2023:09:20:05 +0000] "GET /users/64c75d6ca979688bc3042006 HTTP/1.1" 400 118 "-" "PostmanRuntime/7.32.3"
::1 - - [02/Aug/2023:09:20:22 +0000] "GET /users/64c75d6ca979688bc3042006 HTTP/1.1" 400 109 "-" "PostmanRuntime/7.32.3"
::1 - - [02/Aug/2023:09:20:30 +0000] "GET /users/64c75d6ca979688bc3042006 HTTP/1.1" 400 118 "-" "PostmanRuntime/7.32.3"
::1 - - [02/Aug/2023:09:20:38 +0000] "GET /users/64c75d6ca979688bc3042006 HTTP/1.1" 400 118 "-" "PostmanRuntime/7.32.3"
::1 - - [02/Aug/2023:09:20:52 +0000] "GET /users/64c75d6ca979688bc3042006 HTTP/1.1" 400 109 "-" "PostmanRuntime/7.32.3"
::1 - - [02/Aug/2023:09:21:01 +0000] "GET /users/64c75d6ca979688bc3042006 HTTP/1.1" 400 118 "-" "PostmanRuntime/7.32.3"
::1 - - [02/Aug/2023:09:21:16 +0000] "GET /users/64c75d6ca979688bc3042006 HTTP/1.1" 400 118 "-" "PostmanRuntime/7.32.3"
::1 - - [02/Aug/2023:09:27:12 +0000] "GET /users/64c75d6ca979688bc3042006 HTTP/1.1" 400 109 "-" "PostmanRuntime/7.32.3"
::1 - - [02/Aug/2023:09:27:33 +0000] "GET /users/64c75d6ca979688bc3042006 HTTP/1.1" 400 165 "-" "PostmanRuntime/7.32.3"
::1 - - [02/Aug/2023:09:28:36 +0000] "GET /users/64c75d6ca979688bc3042006 HTTP/1.1" 400 165 "-" "PostmanRuntime/7.32.3"
::1 - - [02/Aug/2023:09:29:10 +0000] "GET /upload/image/listImage-1690357741008-8062878542%20(1).png HTTP/1.1" 400 126 "-" "PostmanRuntime/7.32.3"
::1 - - [02/Aug/2023:09:29:29 +0000] "POST /users/login HTTP/1.1" 200 457 "-" "PostmanRuntime/7.32.3"
::1 - - [02/Aug/2023:09:29:40 +0000] "GET /users/64c75d6ca979688bc3042006 HTTP/1.1" 400 165 "-" "PostmanRuntime/7.32.3"
::1 - - [02/Aug/2023:09:30:15 +0000] "GET /users/64c75d6ca979688bc3042006 HTTP/1.1" 400 165 "-" "PostmanRuntime/7.32.3"
::1 - - [02/Aug/2023:09:30:50 +0000] "GET /users/64c75d6ca979688bc3042006 HTTP/1.1" 400 165 "-" "PostmanRuntime/7.32.3"
::1 - - [02/Aug/2023:09:31:16 +0000] "GET /users/64c75d6ca979688bc3042006 HTTP/1.1" 400 165 "-" "PostmanRuntime/7.32.3"
::1 - - [02/Aug/2023:09:32:40 +0000] "GET /users/64c75d6ca979688bc3042006 HTTP/1.1" 400 165 "-" "PostmanRuntime/7.32.3"
::1 - - [02/Aug/2023:09:33:10 +0000] "POST /users/login HTTP/1.1" 200 457 "-" "PostmanRuntime/7.32.3"
::1 - - [02/Aug/2023:09:33:20 +0000] "GET /users/64c75d6ca979688bc3042006 HTTP/1.1" 400 165 "-" "PostmanRuntime/7.32.3"
::1 - - [02/Aug/2023:09:35:53 +0000] "POST /users/login HTTP/1.1" 200 457 "-" "PostmanRuntime/7.32.3"
::1 - - [02/Aug/2023:09:36:07 +0000] "GET /users/64c75d6ca979688bc3042006 HTTP/1.1" 400 165 "-" "PostmanRuntime/7.32.3"
::1 - - [02/Aug/2023:09:37:20 +0000] "GET /users/64c75d6ca979688bc3042006 HTTP/1.1" 400 165 "-" "PostmanRuntime/7.32.3"
::1 - - [02/Aug/2023:09:37:27 +0000] "GET /users/64c75d6ca979688bc3042006 HTTP/1.1" 400 165 "-" "PostmanRuntime/7.32.3"
::1 - - [02/Aug/2023:09:37:43 +0000] "POST /users/login HTTP/1.1" 200 457 "-" "PostmanRuntime/7.32.3"
::1 - - [02/Aug/2023:09:37:59 +0000] "GET /users/64c75d6ca979688bc3042006 HTTP/1.1" 400 165 "-" "PostmanRuntime/7.32.3"
::1 - - [02/Aug/2023:09:39:28 +0000] "GET /users/64c75d6ca979688bc3042006 HTTP/1.1" 200 75 "-" "PostmanRuntime/7.32.3"
::1 - - [02/Aug/2023:09:39:40 +0000] "GET /users/64c75d6ca979688bc3042006 HTTP/1.1" 200 75 "-" "PostmanRuntime/7.32.3"
::1 - - [02/Aug/2023:09:39:47 +0000] "GET /users/64c75d6ca979688bc3042006 HTTP/1.1" 200 75 "-" "PostmanRuntime/7.32.3"
::1 - - [02/Aug/2023:09:39:48 +0000] "GET /users/64c75d6ca979688bc3042006 HTTP/1.1" 200 75 "-" "PostmanRuntime/7.32.3"
::1 - - [02/Aug/2023:09:39:53 +0000] "GET /users/64c75d6ca979688bc3042006 HTTP/1.1" 200 75 "-" "PostmanRuntime/7.32.3"
::1 - - [02/Aug/2023:09:39:59 +0000] "GET /users/64c75d6ca979688bc3042006 HTTP/1.1" 200 75 "-" "PostmanRuntime/7.32.3"
::1 - - [02/Aug/2023:09:40:09 +0000] "GET /users/64c75d6ca979688bc3042006 HTTP/1.1" 200 75 "-" "PostmanRuntime/7.32.3"
::1 - - [02/Aug/2023:09:41:15 +0000] "POST /users/login HTTP/1.1" 200 457 "-" "PostmanRuntime/7.32.3"
::1 - - [02/Aug/2023:09:41:31 +0000] "GET /users/64c75d6ca979688bc3042006 HTTP/1.1" 200 75 "-" "PostmanRuntime/7.32.3"
::1 - - [02/Aug/2023:09:41:41 +0000] "GET /users/64c75d6ca979688bc3042006 HTTP/1.1" 400 109 "-" "PostmanRuntime/7.32.3"
::1 - - [02/Aug/2023:09:41:49 +0000] "GET /users/64c75d6ca979688bc3042006 HTTP/1.1" 400 165 "-" "PostmanRuntime/7.32.3"
::1 - - [02/Aug/2023:09:42:18 +0000] "POST /users/login HTTP/1.1" 200 424 "-" "PostmanRuntime/7.32.3"
::1 - - [02/Aug/2023:09:42:33 +0000] "GET /users/64c75d6ca979688bc3042006 HTTP/1.1" 400 165 "-" "PostmanRuntime/7.32.3"
::1 - - [02/Aug/2023:09:42:40 +0000] "GET /users/64c75d6ca979688bc3042006 HTTP/1.1" 400 161 "-" "PostmanRuntime/7.32.3"
::1 - - [02/Aug/2023:09:42:46 +0000] "POST /users/login HTTP/1.1" 200 424 "-" "PostmanRuntime/7.32.3"
::1 - - [02/Aug/2023:09:43:01 +0000] "GET /users/64c75d6ca979688bc3042006 HTTP/1.1" 400 165 "-" "PostmanRuntime/7.32.3"
::1 - - [02/Aug/2023:09:43:02 +0000] "GET /users/64c75d6ca979688bc3042006 HTTP/1.1" 400 165 "-" "PostmanRuntime/7.32.3"
::1 - - [02/Aug/2023:09:43:03 +0000] "GET /users/64c75d6ca979688bc3042006 HTTP/1.1" 400 165 "-" "PostmanRuntime/7.32.3"
::1 - - [02/Aug/2023:09:43:16 +0000] "GET /users/64c75d6ca979688bc3042006 HTTP/1.1" 400 165 "-" "PostmanRuntime/7.32.3"
::1 - - [02/Aug/2023:09:43:30 +0000] "GET /users/64c75d6ca979688bc3042006 HTTP/1.1" 400 165 "-" "PostmanRuntime/7.32.3"
::1 - - [02/Aug/2023:09:44:41 +0000] "POST /users/login HTTP/1.1" 200 424 "-" "PostmanRuntime/7.32.3"
::1 - - [02/Aug/2023:09:45:12 +0000] "POST /users/login HTTP/1.1" 200 424 "-" "PostmanRuntime/7.32.3"
::1 - - [02/Aug/2023:09:45:31 +0000] "GET /users/64c75d6ca979688bc3042006 HTTP/1.1" 200 75 "-" "PostmanRuntime/7.32.3"
::1 - - [02/Aug/2023:09:47:22 +0000] "GET /users/get-me HTTP/1.1" 400 198 "-" "PostmanRuntime/7.32.3"
::1 - - [02/Aug/2023:09:48:06 +0000] "POST /users/login HTTP/1.1" 200 424 "-" "PostmanRuntime/7.32.3"
::1 - - [02/Aug/2023:09:48:13 +0000] "GET /users/get-me HTTP/1.1" 400 109 "-" "PostmanRuntime/7.32.3"
::1 - - [02/Aug/2023:09:48:25 +0000] "GET /users/get-me HTTP/1.1" 400 109 "-" "PostmanRuntime/7.32.3"
::1 - - [02/Aug/2023:09:48:41 +0000] "GET /users/get-me HTTP/1.1" 200 75 "-" "PostmanRuntime/7.32.3"
::1 - - [02/Aug/2023:09:49:37 +0000] "GET /users/get-me HTTP/1.1" 400 198 "-" "PostmanRuntime/7.32.3"
::1 - - [02/Aug/2023:09:49:40 +0000] "POST /users/login HTTP/1.1" 200 424 "-" "PostmanRuntime/7.32.3"
::1 - - [02/Aug/2023:09:49:46 +0000] "GET /users/get-me HTTP/1.1" 200 245 "-" "PostmanRuntime/7.32.3"
::1 - - [02/Aug/2023:09:50:55 +0000] "GET /users/get-me HTTP/1.1" 400 198 "-" "PostmanRuntime/7.32.3"
::1 - - [02/Aug/2023:09:50:58 +0000] "POST /users/login HTTP/1.1" 200 424 "-" "PostmanRuntime/7.32.3"
::1 - - [02/Aug/2023:09:51:06 +0000] "GET /users/get-me HTTP/1.1" 200 167 "-" "PostmanRuntime/7.32.3"
::1 - - [02/Aug/2023:09:59:31 +0000] "GET /users HTTP/1.1" 400 109 "-" "PostmanRuntime/7.32.3"
::1 - - [02/Aug/2023:10:00:35 +0000] "GET /users HTTP/1.1" 400 109 "-" "PostmanRuntime/7.32.3"
::1 - - [02/Aug/2023:10:00:48 +0000] "GET /users HTTP/1.1" 200 247 "-" "PostmanRuntime/7.32.3"
::1 - - [02/Aug/2023:10:04:40 +0000] "GET /users HTTP/1.1" 200 247 "-" "PostmanRuntime/7.32.3"
